\BOOKMARK [0][-]{chapter.1}{Prerequisites}{}% 1
\BOOKMARK [1][-]{section*.1}{주요 자료}{chapter.1}% 2
\BOOKMARK [1][-]{section*.2}{주제}{chapter.1}% 3
\BOOKMARK [0][-]{chapter.2}{Introduction}{}% 4
\BOOKMARK [1][-]{section*.3}{국제관계 \(International Relations\)}{chapter.2}% 5
\BOOKMARK [2][-]{section*.4}{IR이 정치학의 다른 분야와 다른 점}{section*.3}% 6
\BOOKMARK [2][-]{section*.5}{이 강의의 목표}{section*.3}% 7
\BOOKMARK [2][-]{section*.6}{정치란 무엇인가?}{section*.3}% 8
\BOOKMARK [2][-]{section*.10}{그럼 대체 IR 학자들은 뭘 하는건가?}{section*.3}% 9
\BOOKMARK [2][-]{section*.11}{이론 \(Theory\)}{section*.3}% 10
\BOOKMARK [1][-]{section*.12}{분석틀: 이익, 상호작용, 그리고 제도}{chapter.2}% 11
\BOOKMARK [2][-]{section*.13}{분석 수준 \(Level of Analysis\)}{section*.12}% 12
\BOOKMARK [2][-]{section*.14}{현실주의, 자유주의, 그리고 구성주의}{section*.12}% 13
\BOOKMARK [1][-]{section*.18}{하나의 세계, 경쟁 이론들 \(One World, Rival Theories\)}{chapter.2}% 14
\BOOKMARK [2][-]{section*.19}{정리하자면,}{section*.18}% 15
\BOOKMARK [0][-]{chapter.3}{What\040is\040International\040Relations?}{}% 16
\BOOKMARK [1][-]{section*.20}{}{chapter.3}% 17
\BOOKMARK [0][-]{chapter.4}{Methods}{}% 18
\BOOKMARK [0][-]{chapter.5}{Applications}{}% 19
\BOOKMARK [1][-]{section*.21}{Example\040one}{chapter.5}% 20
\BOOKMARK [1][-]{section*.22}{Example\040two}{chapter.5}% 21
\BOOKMARK [0][-]{chapter.6}{Final\040Words}{}% 22
